<?xml version="1.0" encoding="UTF-8"?>
<!-- Generated by org.testng.reporters.JUnitXMLReporter -->
<testsuite hostname="INW1PF1668EG" name="Default test" tests="8" failures="0" timestamp="9 Jan 2022 07:55:01 GMT" time="6.368" errors="0">
  <testcase name="userRegistration" time="2.547" classname="qa.tests.RestApiTest"/>
  <testcase name="userLogin" time="0.342" classname="qa.tests.RestApiTest"/>
  <testcase name="get_Users" time="0.287" classname="qa.tests.RestApiTest"/>
  <testcase name="createUser_Post" time="0.406" classname="qa.tests.RestApiTest"/>
  <testcase name="getUser_GET" time="0.242" classname="qa.tests.RestApiTest"/>
  <testcase name="updateUser_Put" time="0.252" classname="qa.tests.RestApiTest"/>
  <testcase name="deleteUser_Delete" time="0.241" classname="qa.tests.RestApiTest"/>
  <testcase name="getUser_GET_afterDelete" time="0.269" classname="qa.tests.RestApiTest"/>
</testsuite> <!-- Default test -->
