<?xml version="1.0" encoding="UTF-8" ?>
<testsuite tests="11" failures="0" name="TestSuite" time="20.424" errors="0" skipped="0">
  <properties>
[...]
</properties>
  <testcase classname="qa.tests.RestApiTest" name="userRegistration" time="1.104"/>
  <testcase classname="qa.tests.SampleTest" name="searchItemAndAddToCart" time="8.875"/>
  <testcase classname="qa.tests.RestApiTest" name="userLogin" time="0.245"/>
  <testcase classname="qa.tests.SampleTest" name="uploadFile" time="1.836"/>
  <testcase classname="qa.tests.RestApiTest" name="get_Users" time="0.233"/>
  <testcase classname="qa.tests.SampleTest" name="createAccount" time="6.698"/>
  <testcase classname="qa.tests.RestApiTest" name="createUser_Post" time="0.334"/>
  <testcase classname="qa.tests.RestApiTest" name="getUser_GET" time="0.293"/>
  <testcase classname="qa.tests.RestApiTest" name="updateUser_Put" time="0.262"/>
  <testcase classname="qa.tests.RestApiTest" name="deleteUser_Delete" time="0.259"/>
  <testcase classname="qa.tests.RestApiTest" name="getUser_GET_afterDelete" time="0.285"/>
</testsuite>