<?xml version="1.0" encoding="UTF-8"?>
<testng-results skipped="0" failed="0" total="11" passed="11">
  <reporter-output>
  </reporter-output>
  <suite name="Command line suite" duration-ms="38667" started-at="2022-01-12T16:50:43Z" finished-at="2022-01-12T16:51:21Z">
    <groups>
    </groups>
    <test name="Command line test" duration-ms="38667" started-at="2022-01-12T16:50:43Z" finished-at="2022-01-12T16:51:21Z">
      <class name="qa.tests.RestApiTest">
        <test-method status="PASS" signature="setup()[pri:0, instance:qa.tests.RestApiTest@4909b8da]" name="setup" is-config="true" duration-ms="393" started-at="2022-01-12T22:20:43Z" finished-at="2022-01-12T22:20:43Z">
          <reporter-output>
          </reporter-output>
        </test-method> <!-- setup -->
        <test-method status="PASS" signature="userRegistration()[pri:1, instance:qa.tests.RestApiTest@4909b8da]" name="userRegistration" duration-ms="1102" started-at="2022-01-12T22:20:43Z" finished-at="2022-01-12T22:20:44Z">
          <reporter-output>
          </reporter-output>
        </test-method> <!-- userRegistration -->
        <test-method status="PASS" signature="userLogin()[pri:2, instance:qa.tests.RestApiTest@4909b8da]" name="userLogin" duration-ms="245" started-at="2022-01-12T22:20:59Z" finished-at="2022-01-12T22:20:59Z">
          <reporter-output>
          </reporter-output>
        </test-method> <!-- userLogin -->
        <test-method status="PASS" signature="get_Users()[pri:3, instance:qa.tests.RestApiTest@4909b8da]" name="get_Users" duration-ms="233" started-at="2022-01-12T22:21:07Z" finished-at="2022-01-12T22:21:07Z">
          <reporter-output>
          </reporter-output>
        </test-method> <!-- get_Users -->
        <test-method status="PASS" signature="createUser_Post()[pri:4, instance:qa.tests.RestApiTest@4909b8da]" name="createUser_Post" duration-ms="334" started-at="2022-01-12T22:21:20Z" finished-at="2022-01-12T22:21:20Z">
          <reporter-output>
          </reporter-output>
        </test-method> <!-- createUser_Post -->
        <test-method status="PASS" signature="getUser_GET()[pri:5, instance:qa.tests.RestApiTest@4909b8da]" name="getUser_GET" duration-ms="293" started-at="2022-01-12T22:21:20Z" finished-at="2022-01-12T22:21:20Z">
          <reporter-output>
          </reporter-output>
        </test-method> <!-- getUser_GET -->
        <test-method status="PASS" signature="updateUser_Put()[pri:6, instance:qa.tests.RestApiTest@4909b8da]" name="updateUser_Put" duration-ms="262" started-at="2022-01-12T22:21:20Z" finished-at="2022-01-12T22:21:21Z">
          <reporter-output>
          </reporter-output>
        </test-method> <!-- updateUser_Put -->
        <test-method status="PASS" signature="deleteUser_Delete()[pri:7, instance:qa.tests.RestApiTest@4909b8da]" name="deleteUser_Delete" duration-ms="259" started-at="2022-01-12T22:21:21Z" finished-at="2022-01-12T22:21:21Z">
          <reporter-output>
          </reporter-output>
        </test-method> <!-- deleteUser_Delete -->
        <test-method status="PASS" signature="getUser_GET_afterDelete()[pri:8, instance:qa.tests.RestApiTest@4909b8da]" name="getUser_GET_afterDelete" duration-ms="285" started-at="2022-01-12T22:21:21Z" finished-at="2022-01-12T22:21:21Z">
          <reporter-output>
          </reporter-output>
        </test-method> <!-- getUser_GET_afterDelete -->
      </class> <!-- qa.tests.RestApiTest -->
      <class name="qa.tests.SampleTest">
        <test-method status="PASS" signature="startReport()[pri:0, instance:qa.tests.SampleTest@3a03464]" name="startReport" is-config="true" duration-ms="144" started-at="2022-01-12T22:20:44Z" finished-at="2022-01-12T22:20:44Z">
          <reporter-output>
          </reporter-output>
        </test-method> <!-- startReport -->
        <test-method status="PASS" signature="setup()[pri:0, instance:qa.tests.SampleTest@3a03464]" name="setup" is-config="true" duration-ms="4484" started-at="2022-01-12T22:20:44Z" finished-at="2022-01-12T22:20:49Z">
          <reporter-output>
          </reporter-output>
        </test-method> <!-- setup -->
        <test-method status="PASS" signature="searchItemAndAddToCart()[pri:1, instance:qa.tests.SampleTest@3a03464]" name="searchItemAndAddToCart" duration-ms="8875" started-at="2022-01-12T22:20:49Z" finished-at="2022-01-12T22:20:58Z">
          <reporter-output>
          </reporter-output>
        </test-method> <!-- searchItemAndAddToCart -->
        <test-method status="PASS" signature="tearDown(org.testng.ITestResult)[pri:0, instance:qa.tests.SampleTest@3a03464]" name="tearDown" is-config="true" duration-ms="1553" started-at="2022-01-12T22:20:58Z" finished-at="2022-01-12T22:20:59Z">
          <params>
            <param index="0">
              <value>
                <![CDATA[[TestResult name=searchItemAndAddToCart status=SUCCESS method=SampleTest.searchItemAndAddToCart()[pri:1, instance:qa.tests.SampleTest@3a03464] output={null}]]]>
              </value>
            </param>
          </params>
          <reporter-output>
          </reporter-output>
        </test-method> <!-- tearDown -->
        <test-method status="PASS" signature="setup()[pri:0, instance:qa.tests.SampleTest@3a03464]" name="setup" is-config="true" duration-ms="4085" started-at="2022-01-12T22:20:59Z" finished-at="2022-01-12T22:21:03Z">
          <reporter-output>
          </reporter-output>
        </test-method> <!-- setup -->
        <test-method status="PASS" signature="uploadFile()[pri:2, instance:qa.tests.SampleTest@3a03464]" name="uploadFile" duration-ms="1836" started-at="2022-01-12T22:21:03Z" finished-at="2022-01-12T22:21:05Z">
          <reporter-output>
          </reporter-output>
        </test-method> <!-- uploadFile -->
        <test-method status="PASS" signature="tearDown(org.testng.ITestResult)[pri:0, instance:qa.tests.SampleTest@3a03464]" name="tearDown" is-config="true" duration-ms="1455" started-at="2022-01-12T22:21:05Z" finished-at="2022-01-12T22:21:07Z">
          <params>
            <param index="0">
              <value>
                <![CDATA[[TestResult name=uploadFile status=SUCCESS method=SampleTest.uploadFile()[pri:2, instance:qa.tests.SampleTest@3a03464] output={null}]]]>
              </value>
            </param>
          </params>
          <reporter-output>
          </reporter-output>
        </test-method> <!-- tearDown -->
        <test-method status="PASS" signature="setup()[pri:0, instance:qa.tests.SampleTest@3a03464]" name="setup" is-config="true" duration-ms="4148" started-at="2022-01-12T22:21:07Z" finished-at="2022-01-12T22:21:11Z">
          <reporter-output>
          </reporter-output>
        </test-method> <!-- setup -->
        <test-method status="PASS" signature="createAccount()[pri:3, instance:qa.tests.SampleTest@3a03464]" name="createAccount" duration-ms="6698" started-at="2022-01-12T22:21:11Z" finished-at="2022-01-12T22:21:18Z">
          <reporter-output>
          </reporter-output>
        </test-method> <!-- createAccount -->
        <test-method status="PASS" signature="tearDown(org.testng.ITestResult)[pri:0, instance:qa.tests.SampleTest@3a03464]" name="tearDown" is-config="true" duration-ms="1670" started-at="2022-01-12T22:21:18Z" finished-at="2022-01-12T22:21:19Z">
          <params>
            <param index="0">
              <value>
                <![CDATA[[TestResult name=createAccount status=SUCCESS method=SampleTest.createAccount()[pri:3, instance:qa.tests.SampleTest@3a03464] output={null}]]]>
              </value>
            </param>
          </params>
          <reporter-output>
          </reporter-output>
        </test-method> <!-- tearDown -->
        <test-method status="PASS" signature="tearDown()[pri:0, instance:qa.tests.SampleTest@3a03464]" name="tearDown" is-config="true" duration-ms="292" started-at="2022-01-12T22:21:19Z" finished-at="2022-01-12T22:21:20Z">
          <reporter-output>
          </reporter-output>
        </test-method> <!-- tearDown -->
      </class> <!-- qa.tests.SampleTest -->
    </test> <!-- Command line test -->
  </suite> <!-- Command line suite -->
</testng-results>
